<?xml version="1.0" encoding="UTF-8"?>
<testsuite name="hello.HelloControllerTest" tests="1" skipped="0" failures="0" errors="0" timestamp="2016-02-07T00:01:02" hostname="Timberwolf.hsd1.va.comcast.net" time="0.045">
  <properties/>
  <testcase name="getHello" classname="hello.HelloControllerTest" time="0.045"/>
  <system-out><![CDATA[2016-02-06 19:01:02.145  INFO 37070 --- [    Test worker] o.s.t.c.support.AbstractContextLoader    : Could not detect default resource locations for test class [hello.HelloControllerTest]: no resource found for suffixes {-context.xml, Context.groovy}.
2016-02-06 19:01:02.147  INFO 37070 --- [    Test worker] o.s.t.c.web.WebTestContextBootstrapper   : Loaded default TestExecutionListener class names from location [META-INF/spring.factories]: [org.springframework.test.context.web.ServletTestExecutionListener, org.springframework.test.context.support.DirtiesContextBeforeModesTestExecutionListener, org.springframework.test.context.support.DependencyInjectionTestExecutionListener, org.springframework.test.context.support.DirtiesContextTestExecutionListener, org.springframework.test.context.transaction.TransactionalTestExecutionListener, org.springframework.test.context.jdbc.SqlScriptsTestExecutionListener]
2016-02-06 19:01:02.149  INFO 37070 --- [    Test worker] o.s.t.c.web.WebTestContextBootstrapper   : Using TestExecutionListeners: [org.springframework.test.context.web.ServletTestExecutionListener@7f103765, org.springframework.test.context.support.DirtiesContextBeforeModesTestExecutionListener@6c000da, org.springframework.test.context.support.DependencyInjectionTestExecutionListener@5c1420c1, org.springframework.test.context.support.DirtiesContextTestExecutionListener@20b45718, org.springframework.test.context.transaction.TransactionalTestExecutionListener@5ee1e774, org.springframework.test.context.jdbc.SqlScriptsTestExecutionListener@5821eaa2]

  .   ____          _            __ _ _
 /\\ / ___'_ __ _ _(_)_ __  __ _ \ \ \ \
( ( )\___ | '_ | '_| | '_ \/ _` | \ \ \ \
 \\/  ___)| |_)| | | | | || (_| |  ) ) ) )
  '  |____| .__|_| |_|_| |_\__, | / / / /
 =========|_|==============|___/=/_/_/_/
 :: Spring Boot ::        (v1.3.2.RELEASE)

2016-02-06 19:01:02.187  INFO 37070 --- [    Test worker] hello.HelloControllerTest                : Starting HelloControllerTest on Timberwolf.hsd1.va.comcast.net with PID 37070 (/Users/CrystalGarcia/working/gs-spring-boot/initial/build/classes/test started by CrystalGarcia in /Users/CrystalGarcia/working/gs-spring-boot/initial)
2016-02-06 19:01:02.188  INFO 37070 --- [    Test worker] hello.HelloControllerTest                : No active profile set, falling back to default profiles: default
2016-02-06 19:01:02.190  INFO 37070 --- [    Test worker] o.s.w.c.s.GenericWebApplicationContext   : Refreshing org.springframework.web.context.support.GenericWebApplicationContext@3d1e2045: startup date [Sat Feb 06 19:01:02 EST 2016]; root of context hierarchy
2016-02-06 19:01:02.205  INFO 37070 --- [    Test worker] hello.HelloControllerTest                : Started HelloControllerTest in 0.045 seconds (JVM running for 5.602)
2016-02-06 19:01:02.227  INFO 37070 --- [    Test worker] ilder$StaticRequestMappingHandlerMapping : Mapped "{[/]}" onto public java.lang.String hello.HelloController.index()
2016-02-06 19:01:02.241  INFO 37070 --- [    Test worker] s.w.s.m.m.a.RequestMappingHandlerAdapter : Looking for @ControllerAdvice: org.springframework.test.web.servlet.setup.StubWebApplicationContext@3e7e8392
2016-02-06 19:01:02.247  INFO 37070 --- [    Test worker] o.s.mock.web.MockServletContext          : Initializing Spring FrameworkServlet ''
2016-02-06 19:01:02.247  INFO 37070 --- [    Test worker] o.s.t.web.servlet.TestDispatcherServlet  : FrameworkServlet '': initialization started
2016-02-06 19:01:02.247  INFO 37070 --- [    Test worker] o.s.t.web.servlet.TestDispatcherServlet  : FrameworkServlet '': initialization completed in 0 ms
]]></system-out>
  <system-err><![CDATA[]]></system-err>
</testsuite>
